Determining if the pthread_create exist failed with the following output:
Change Dir: /home/schwarmcyc/kuka850_ws/build/CMakeFiles/CMakeTmp

Run Build Command:"/usr/bin/make" "cmTryCompileExec2872474753/fast"
/usr/bin/make -f CMakeFiles/cmTryCompileExec2872474753.dir/build.make CMakeFiles/cmTryCompileExec2872474753.dir/build
make[1]: Entering directory `/home/schwarmcyc/kuka850_ws/build/CMakeFiles/CMakeTmp'
/usr/bin/cmake -E cmake_progress_report /home/schwarmcyc/kuka850_ws/build/CMakeFiles/CMakeTmp/CMakeFiles 1
Building C object CMakeFiles/cmTryCompileExec2872474753.dir/CheckSymbolExists.c.o
/usr/bin/cc    -o CMakeFiles/cmTryCompileExec2872474753.dir/CheckSymbolExists.c.o   -c /home/schwarmcyc/kuka850_ws/build/CMakeFiles/CMakeTmp/CheckSymbolExists.c
Linking C executable cmTryCompileExec2872474753
/usr/bin/cmake -E cmake_link_script CMakeFiles/cmTryCompileExec2872474753.dir/link.txt --verbose=1
/usr/bin/cc       CMakeFiles/cmTryCompileExec2872474753.dir/CheckSymbolExists.c.o  -o cmTryCompileExec2872474753 -rdynamic 
CMakeFiles/cmTryCompileExec2872474753.dir/CheckSymbolExists.c.o: In function `main':
CheckSymbolExists.c:(.text+0x16): undefined reference to `pthread_create'
collect2: error: ld returned 1 exit status
make[1]: *** [cmTryCompileExec2872474753] Error 1
make[1]: Leaving directory `/home/schwarmcyc/kuka850_ws/build/CMakeFiles/CMakeTmp'
make: *** [cmTryCompileExec2872474753/fast] Error 2

File /home/schwarmcyc/kuka850_ws/build/CMakeFiles/CMakeTmp/CheckSymbolExists.c:
/* */
#include <pthread.h>

int main(int argc, char** argv)
{
  (void)argv;
#ifndef pthread_create
  return ((int*)(&pthread_create))[argc];
#else
  (void)argc;
  return 0;
#endif
}

Determining if the function pthread_create exists in the pthreads failed with the following output:
Change Dir: /home/schwarmcyc/kuka850_ws/build/CMakeFiles/CMakeTmp

Run Build Command:"/usr/bin/make" "cmTryCompileExec2003422698/fast"
/usr/bin/make -f CMakeFiles/cmTryCompileExec2003422698.dir/build.make CMakeFiles/cmTryCompileExec2003422698.dir/build
make[1]: Entering directory `/home/schwarmcyc/kuka850_ws/build/CMakeFiles/CMakeTmp'
/usr/bin/cmake -E cmake_progress_report /home/schwarmcyc/kuka850_ws/build/CMakeFiles/CMakeTmp/CMakeFiles 1
Building C object CMakeFiles/cmTryCompileExec2003422698.dir/CheckFunctionExists.c.o
/usr/bin/cc   -DCHECK_FUNCTION_EXISTS=pthread_create   -o CMakeFiles/cmTryCompileExec2003422698.dir/CheckFunctionExists.c.o   -c /usr/share/cmake-3.2/Modules/CheckFunctionExists.c
Linking C executable cmTryCompileExec2003422698
/usr/bin/cmake -E cmake_link_script CMakeFiles/cmTryCompileExec2003422698.dir/link.txt --verbose=1
/usr/bin/cc   -DCHECK_FUNCTION_EXISTS=pthread_create    CMakeFiles/cmTryCompileExec2003422698.dir/CheckFunctionExists.c.o  -o cmTryCompileExec2003422698 -rdynamic -lpthreads 
/usr/bin/ld: cannot find -lpthreads
collect2: error: ld returned 1 exit status
make[1]: *** [cmTryCompileExec2003422698] Error 1
make[1]: Leaving directory `/home/schwarmcyc/kuka850_ws/build/CMakeFiles/CMakeTmp'
make: *** [cmTryCompileExec2003422698/fast] Error 2


